<?xml version="1.0" encoding="UTF-8"?>
<!-- Generated by org.testng.reporters.JUnitReportReporter -->
<testsuite hostname="MacBook-Pro-6.local" failures="0" tests="7" name="tests.CheckOutInformationPageTest" time="21.961" errors="0" timestamp="2024-09-03T15:11:35 GST" skipped="0">
  <testcase classname="tests.CheckOutInformationPageTest" name="verifyEnterFirstName" time="3.028"/>
  <system-out/>
  <testcase classname="tests.CheckOutInformationPageTest" name="verifyEnterLastName" time="3.332"/>
  <system-out/>
  <testcase classname="tests.CheckOutInformationPageTest" name="verifyClickContinueButton" time="3.144"/>
  <system-out/>
  <testcase classname="tests.CheckOutInformationPageTest" name="verifyClickFinishButton" time="3.173"/>
  <system-out/>
  <testcase classname="tests.CheckOutInformationPageTest" name="verifyEnterPostalCode" time="3.178"/>
  <system-out/>
  <testcase classname="tests.CheckOutInformationPageTest" name="verifyClickCancelButton" time="3.076"/>
  <system-out/>
  <testcase classname="tests.CheckOutInformationPageTest" name="verifyErrorMessage" time="3.030"/>
  <system-out/>
</testsuite> <!-- tests.CheckOutInformationPageTest -->
