<?xml version="1.0" encoding="UTF-8"?>
<!-- Generated by org.testng.reporters.JUnitReportReporter -->
<testsuite hostname="MacBook-Pro-6.local" failures="0" tests="2" name="tests.CheckOutPageTest" time="6.413" errors="0" timestamp="2024-09-03T15:11:35 GST" skipped="0">
  <testcase classname="tests.CheckOutPageTest" name="verifyClickCancelButton" time="3.220"/>
  <system-out/>
  <testcase classname="tests.CheckOutPageTest" name="verifyClickFinishButton" time="3.193"/>
  <system-out/>
</testsuite> <!-- tests.CheckOutPageTest -->
