<?xml version="1.0" encoding="UTF-8"?>
<!-- Generated by org.testng.reporters.JUnitReportReporter -->
<testsuite hostname="MacBook-Pro-6.local" failures="0" tests="1" name="tests.LogOutTest" time="2.887" errors="0" timestamp="2024-09-03T15:11:35 GST" skipped="0">
  <testcase classname="tests.LogOutTest" name="verifyLogOutFunctionality" time="2.887"/>
  <system-out/>
</testsuite> <!-- tests.LogOutTest -->
