<?xml version="1.0" encoding="UTF-8"?>
<!-- Generated by org.testng.reporters.JUnitReportReporter -->
<testsuite hostname="MacBook-Pro-6.local" failures="0" tests="2" name="tests.ProductPageTest" time="5.993" errors="0" timestamp="2024-09-03T15:11:35 GST" skipped="0">
  <testcase classname="tests.ProductPageTest" name="verifyProductFilters" time="3.240"/>
  <system-out/>
  <testcase classname="tests.ProductPageTest" name="verifyAddAndRemoveFromCartFunctionality" time="2.753"/>
  <system-out/>
</testsuite> <!-- tests.ProductPageTest -->
