<?xml version="1.0" encoding="UTF-8"?>
<!-- Generated by org.testng.reporters.JUnitReportReporter -->
<testsuite hostname="MacBook-Pro-6.local" failures="0" tests="2" name="tests.LoginTest" time="6.390" errors="0" timestamp="2024-09-03T15:18:11 GST" skipped="0">
  <testcase classname="tests.LoginTest" name="LoginTestWithBlankCredentials" time="2.447"/>
  <system-out/>
  <testcase classname="tests.LoginTest" name="LoginTestWithValidCredentials" time="3.943"/>
  <system-out/>
</testsuite> <!-- tests.LoginTest -->
