<?xml version="1.0" encoding="UTF-8"?>
<!-- Generated by org.testng.reporters.JUnitReportReporter -->
<testsuite hostname="MacBook-Pro-6.local" failures="0" tests="2" name="tests.CartPageTest" time="5.886" errors="0" timestamp="2024-09-03T15:11:35 GST" skipped="0">
  <testcase classname="tests.CartPageTest" name="verifyProceedToCheckout" time="3.020"/>
  <system-out/>
  <testcase classname="tests.CartPageTest" name="verifyCartItemCount" time="2.866"/>
  <system-out/>
</testsuite> <!-- tests.CartPageTest -->
